Forward Mesh   = /home/rakshit/Downloads/IAS/Scattering-coefficient-using-PAT/src/MeshSample/sample
Frequency      = 100.000000 MHz
Data File      = /home/rakshit/Downloads/IAS/Scattering-coefficient-using-PAT/src/MeshSample/sample.paa
Initial Regularization  = 10
Filter         = 0
Output Files   = /home/rakshit/Downloads/IAS/Scattering-coefficient-using-PAT/src/mus_reconstruction_data/sample_mua.sol
               = /home/rakshit/Downloads/IAS/Scattering-coefficient-using-PAT/src/mus_reconstruction_data/sample_mus.sol
Initial Guess mua = 1.000000e-01
Initial Guess mus = 2.999997e+00
---------------------------------
Iteration Number          = 1
Projection error          = 0.000000
Amp Regularization        = 1.634921
Phs Regularization        = 0.035364
---------------------------------
Iteration Number          = 2
Projection error          = 0.000000
Projection error change   = 46.941109 %
Amp Regularization        = 1.634921
Phs Regularization        = 0.035364
---------------------------------
Iteration Number          = 3
Projection error          = 0.000000
Projection error change   = 48.028018 %
Amp Regularization        = 1.634921
Phs Regularization        = 0.035364
---------------------------------
Iteration Number          = 4
Projection error          = 0.000000
Projection error change   = 34.261923 %
Amp Regularization        = 1.634921
Phs Regularization        = 0.035364
---------------------------------
Iteration Number          = 5
Projection error          = 0.000000
Projection error change   = -12.530022 %
---------------------------------
STOPPING CRITERIA REACHED
Computation TimeRegularization = 1.144677
