Forward Mesh   = /home/rakshit/Downloads/IAS/Scattering-coefficient-using-PAT/MeshSample/mesh2
Frequency      = 100.000000 MHz
Data File      = /home/rakshit/Downloads/IAS/Scattering-coefficient-using-PAT/Forward_solver_data/H_mesh2.paa
Initial Regularization  = 10
Filter         = 0
Output Files   = /home/rakshit/Downloads/IAS/Scattering-coefficient-using-PAT/mus_reconstruction_data/mesh2_reconstruction_mua.sol
               = /home/rakshit/Downloads/IAS/Scattering-coefficient-using-PAT/mus_reconstruction_data/mesh2_reconstruction_mus.sol
Initial Guess mua = 1.000000e-02
Initial Guess mus = 1.000000e+00
---------------------------------
Iteration Number          = 1
Projection error          = 2.912319
Amp Regularization        = 0.094983
Phs Regularization        = 0.001646
---------------------------------
Iteration Number          = 2
Projection error          = 2.525504
Projection error change   = 13.282033 %
Amp Regularization        = 0.093071
Phs Regularization        = 0.001614
---------------------------------
Iteration Number          = 3
Projection error          = 2.246154
Projection error change   = 11.061151 %
Amp Regularization        = 0.092492
Phs Regularization        = 0.001607
---------------------------------
Iteration Number          = 4
Projection error          = 2.039628
Projection error change   = 9.194643 %
Amp Regularization        = 0.092856
Phs Regularization        = 0.001618
---------------------------------
Iteration Number          = 5
Projection error          = 1.883162
Projection error change   = 7.671298 %
Amp Regularization        = 0.093975
Phs Regularization        = 0.001642
---------------------------------
Iteration Number          = 6
Projection error          = 1.761641
Projection error change   = 6.453068 %
Amp Regularization        = 0.095679
Phs Regularization        = 0.001678
---------------------------------
Iteration Number          = 7
Projection error          = 1.664877
Projection error change   = 5.492796 %
Amp Regularization        = 0.097787
Phs Regularization        = 0.001722
---------------------------------
Iteration Number          = 8
Projection error          = 1.585885
Projection error change   = 4.744622 %
Amp Regularization        = 0.100133
Phs Regularization        = 0.001771
---------------------------------
Iteration Number          = 9
Projection error          = 1.519803
Projection error change   = 4.166928 %
Amp Regularization        = 0.102594
Phs Regularization        = 0.001822
---------------------------------
Iteration Number          = 10
Projection error          = 1.463230
Projection error change   = 3.722334 %
Amp Regularization        = 0.105107
Phs Regularization        = 0.001874
---------------------------------
Iteration Number          = 11
Projection error          = 1.413808
Projection error change   = 3.377650 %
Amp Regularization        = 0.107651
Phs Regularization        = 0.001927
---------------------------------
Iteration Number          = 12
Projection error          = 1.369919
Projection error change   = 3.104300 %
Amp Regularization        = 0.110229
Phs Regularization        = 0.001981
---------------------------------
Iteration Number          = 13
Projection error          = 1.330481
Projection error change   = 2.878839 %
Amp Regularization        = 0.112846
Phs Regularization        = 0.002035
---------------------------------
Iteration Number          = 14
Projection error          = 1.294782
Projection error change   = 2.683147 %
Amp Regularization        = 0.115499
Phs Regularization        = 0.002090
---------------------------------
Iteration Number          = 15
Projection error          = 1.262359
Projection error change   = 2.504157 %
Amp Regularization        = 0.118170
Phs Regularization        = 0.002145
---------------------------------
Iteration Number          = 16
Projection error          = 1.232905
Projection error change   = 2.333219 %
Amp Regularization        = 0.120830
Phs Regularization        = 0.002199
---------------------------------
Iteration Number          = 17
Projection error          = 1.206209
Projection error change   = 2.165277 %
Amp Regularization        = 0.123444
Phs Regularization        = 0.002252
---------------------------------
Iteration Number          = 18
Projection error          = 1.182109
Projection error change   = 1.998038 %
---------------------------------
STOPPING CRITERIA REACHED
Computation TimeRegularization = 5.406768
